<?xml version="1.0" encoding="UTF-8"?>
<!-- Generated by org.testng.reporters.JUnitReportReporter -->
<testsuite hostname="DESKTOP-IQO4MED" name="testng_package.Fb_Class_Testng_Class" tests="1" failures="0" timestamp="24 May 2018 16:47:14 GMT" time="1.596" errors="0">
  <testcase name="FB_TextBox" time="1.596" classname="testng_package.Fb_Class_Testng_Class"/>
</testsuite>
